This file contains any messages produced by compilers while
running configure, to aid debugging if configure makes a mistake.

It was created by zz-test configure 1.0, which was
generated by GNU Autoconf 2.69.  Invocation command line was

  $ /Users/caoj7/workspace-c/zautotools/configure 

## --------- ##
## Platform. ##
## --------- ##

hostname = cnencaoj7mbp1.corp.emc.com
uname -m = x86_64
uname -r = 11.4.2
uname -s = Darwin
uname -v = Darwin Kernel Version 11.4.2: Wed May 30 20:13:51 PDT 2012; root:xnu-1699.31.2~1/RELEASE_X86_64

/usr/bin/uname -p = i386
/bin/uname -X     = unknown

/bin/arch              = unknown
/usr/bin/arch -k       = unknown
/usr/convex/getsysinfo = unknown
/usr/bin/hostinfo      = Mach kernel version:
	 Darwin Kernel Version 11.4.2: Wed May 30 20:13:51 PDT 2012; root:xnu-1699.31.2~1/RELEASE_X86_64
Kernel configured for up to 8 processors.
4 processors are physically available.
8 processors are logically available.
Processor type: i486 (Intel 80486)
Processors active: 0 1 2 3 4 5 6 7
Primary memory available: 4.00 gigabytes
Default processor set: 122 tasks, 575 threads, 8 processors
Load average: 2.44, Mach factor: 5.55
/bin/machine           = unknown
/usr/bin/oslevel       = unknown
/bin/universe          = unknown

PATH: /opt/local/bin
PATH: /opt/local/sbin
PATH: /usr/local/bin
PATH: /Library/Java/JavaVirtualMachines/jdk1.7.0_09.jdk/Contents/Home/bin
PATH: /opt/local/bin
PATH: /opt/local/sbin
PATH: /usr/local/bin
PATH: /usr/bin
PATH: /bin
PATH: /usr/sbin
PATH: /sbin
PATH: /usr/local/bin
PATH: /usr/X11/bin
PATH: /usr/local/git/bin


## ----------- ##
## Core tests. ##
## ----------- ##

configure:2314: checking for a BSD-compatible install
configure:2382: result: /usr/bin/install -c
configure:2393: checking whether build environment is sane
configure:2448: result: yes
configure:2599: checking for a thread-safe mkdir -p
configure:2638: result: config/install-sh -c -d
configure:2651: checking for gawk
configure:2681: result: no
configure:2651: checking for mawk
configure:2681: result: no
configure:2651: checking for nawk
configure:2681: result: no
configure:2651: checking for awk
configure:2667: found /usr/bin/awk
configure:2678: result: awk
configure:2689: checking whether make sets $(MAKE)
configure:2711: result: yes
configure:2841: checking for gcc
configure:2857: found /usr/bin/gcc
configure:2868: result: gcc
configure:3097: checking for C compiler version
configure:3106: gcc --version >&5
i686-apple-darwin10-llvm-gcc-4.2 (GCC) 4.2.1 (Based on Apple Inc. build 5658) (LLVM build 2335.6)
Copyright (C) 2007 Free Software Foundation, Inc.
This is free software; see the source for copying conditions.  There is NO
warranty; not even for MERCHANTABILITY or FITNESS FOR A PARTICULAR PURPOSE.

configure:3117: $? = 0
configure:3106: gcc -v >&5
Using built-in specs.
Target: i686-apple-darwin10
Configured with: /var/tmp/llvmgcc42/llvmgcc42-2335.6~17/src/configure --disable-checking --enable-werror --prefix=/Developer/usr/llvm-gcc-4.2 --mandir=/share/man --enable-languages=c,objc,c++,obj-c++ --program-prefix=llvm- --program-transform-name=/^[cg][^.-]*$/s/$/-4.2/ --with-slibdir=/usr/lib --build=i686-apple-darwin10 --enable-llvm=/var/tmp/llvmgcc42/llvmgcc42-2335.6~17/dst-llvmCore/Developer/usr/local --program-prefix=i686-apple-darwin10- --host=x86_64-apple-darwin10 --target=i686-apple-darwin10 --with-gxx-include-dir=/usr/include/c++/4.2.1
Thread model: posix
gcc version 4.2.1 (Based on Apple Inc. build 5658) (LLVM build 2335.6)
configure:3117: $? = 0
configure:3106: gcc -V >&5
llvm-gcc-4.2: argument to `-V' is missing
configure:3117: $? = 1
configure:3106: gcc -qversion >&5
i686-apple-darwin10-llvm-gcc-4.2: no input files
configure:3117: $? = 1
configure:3137: checking whether the C compiler works
configure:3159: gcc    conftest.c  >&5
configure:3163: $? = 0
configure:3211: result: yes
configure:3214: checking for C compiler default output file name
configure:3216: result: a.out
configure:3222: checking for suffix of executables
configure:3229: gcc -o conftest    conftest.c  >&5
configure:3233: $? = 0
configure:3255: result: 
configure:3277: checking whether we are cross compiling
configure:3285: gcc -o conftest    conftest.c  >&5
configure:3289: $? = 0
configure:3296: ./conftest
configure:3300: $? = 0
configure:3315: result: no
configure:3320: checking for suffix of object files
configure:3342: gcc -c   conftest.c >&5
configure:3346: $? = 0
configure:3367: result: o
configure:3371: checking whether we are using the GNU C compiler
configure:3390: gcc -c   conftest.c >&5
configure:3390: $? = 0
configure:3399: result: yes
configure:3408: checking whether gcc accepts -g
configure:3428: gcc -c -g  conftest.c >&5
configure:3428: $? = 0
configure:3469: result: yes
configure:3486: checking for gcc option to accept ISO C89
configure:3549: gcc  -c -g -O2  conftest.c >&5
configure:3549: $? = 0
configure:3562: result: none needed
configure:3593: checking for style of include used by make
configure:3621: result: GNU
configure:3647: checking dependency style of gcc
configure:3758: result: gcc3
configure:3823: checking for ar
configure:3839: found /usr/bin/ar
configure:3850: result: ar
configure:3876: checking the archiver (ar) interface
configure:3886: gcc -c -g -O2  conftest.c >&5
configure:3886: $? = 0
configure:3888: ar cru libconftest.a conftest.o >&5
configure:3891: $? = 0
configure:3914: result: ar
configure:3963: checking build system type
configure:3977: result: x86_64-apple-darwin11.4.2
configure:3997: checking host system type
configure:4010: result: x86_64-apple-darwin11.4.2
configure:4051: checking how to print strings
configure:4078: result: printf
configure:4099: checking for a sed that does not truncate output
configure:4163: result: /usr/bin/sed
configure:4181: checking for grep that handles long lines and -e
configure:4239: result: /usr/bin/grep
configure:4244: checking for egrep
configure:4306: result: /usr/bin/grep -E
configure:4311: checking for fgrep
configure:4373: result: /usr/bin/grep -F
configure:4408: checking for ld used by gcc
configure:4475: result: /usr/llvm-gcc-4.2/libexec/gcc/i686-apple-darwin10/4.2.1/ld
configure:4482: checking if the linker (/usr/llvm-gcc-4.2/libexec/gcc/i686-apple-darwin10/4.2.1/ld) is GNU ld
configure:4497: result: no
configure:4509: checking for BSD- or MS-compatible name lister (nm)
configure:4558: result: /usr/bin/nm
configure:4688: checking the name lister (/usr/bin/nm) interface
configure:4695: gcc -c -g -O2  conftest.c >&5
configure:4698: /usr/bin/nm "conftest.o"
configure:4701: output
0000000000000190 S _some_variable
configure:4708: result: BSD nm
configure:4711: checking whether ln -s works
configure:4715: result: yes
configure:4723: checking the maximum length of command line arguments
configure:4853: result: 196608
configure:4870: checking whether the shell understands some XSI constructs
configure:4880: result: yes
configure:4884: checking whether the shell understands "+="
configure:4890: result: yes
configure:4925: checking how to convert x86_64-apple-darwin11.4.2 file names to x86_64-apple-darwin11.4.2 format
configure:4965: result: func_convert_file_noop
configure:4972: checking how to convert x86_64-apple-darwin11.4.2 file names to toolchain format
configure:4992: result: func_convert_file_noop
configure:4999: checking for /usr/llvm-gcc-4.2/libexec/gcc/i686-apple-darwin10/4.2.1/ld option to reload object files
configure:5006: result: -r
configure:5080: checking for objdump
configure:5110: result: no
configure:5139: checking how to recognize dependent libraries
configure:5341: result: pass_all
configure:5426: checking for dlltool
configure:5456: result: no
configure:5486: checking how to associate runtime and link libraries
configure:5513: result: printf %s\n
configure:5637: checking for archiver @FILE support
configure:5654: gcc -c -g -O2  conftest.c >&5
configure:5654: $? = 0
configure:5657: ar cru libconftest.a @conftest.lst >&5
ar: @conftest.lst: No such file or directory
configure:5660: $? = 1
configure:5680: result: no
configure:5738: checking for strip
configure:5754: found /usr/bin/strip
configure:5765: result: strip
configure:5837: checking for ranlib
configure:5853: found /usr/bin/ranlib
configure:5864: result: ranlib
configure:5966: checking command to parse /usr/bin/nm output from gcc object
configure:6086: gcc -c -g -O2  conftest.c >&5
configure:6089: $? = 0
configure:6093: /usr/bin/nm conftest.o \| sed -n -e 's/^.*[ ]\([BCDEGRST][BCDEGRST]*\)[ ][ ]*\([_A-Za-z][_A-Za-z0-9]*\)$/\1 \2 \2/p' | sed '/ __gnu_lto/d' \> conftest.nm
configure:6096: $? = 0
cannot find nm_test_var in conftest.nm
configure:6086: gcc -c -g -O2  conftest.c >&5
configure:6089: $? = 0
configure:6093: /usr/bin/nm conftest.o \| sed -n -e 's/^.*[ ]\([BCDEGRST][BCDEGRST]*\)[ ][ ]*_\([_A-Za-z][_A-Za-z0-9]*\)$/\1 _\2 \2/p' | sed '/ __gnu_lto/d' \> conftest.nm
configure:6096: $? = 0
configure:6162: gcc -o conftest -g -O2   conftest.c conftstm.o >&5
configure:6165: $? = 0
configure:6203: result: ok
configure:6240: checking for sysroot
configure:6270: result: no
configure:6526: checking for mt
configure:6556: result: no
configure:6576: checking if : is a manifest tool
configure:6582: : '-?'
configure:6590: result: no
configure:6646: checking for dsymutil
configure:6662: found /usr/bin/dsymutil
configure:6673: result: dsymutil
configure:6738: checking for nmedit
configure:6754: found /usr/bin/nmedit
configure:6765: result: nmedit
configure:6830: checking for lipo
configure:6846: found /usr/bin/lipo
configure:6857: result: lipo
configure:6922: checking for otool
configure:6938: found /usr/bin/otool
configure:6949: result: otool
configure:7014: checking for otool64
configure:7044: result: no
configure:7089: checking for -single_module linker flag
gcc -g -O2  -o libconftest.dylib -dynamiclib -Wl,-single_module conftest.c
configure:7122: result: yes
configure:7125: checking for -exported_symbols_list linker flag
configure:7145: gcc -o conftest -g -O2   -Wl,-exported_symbols_list,conftest.sym conftest.c  >&5
configure:7145: $? = 0
configure:7155: result: yes
configure:7158: checking for -force_load linker flag
gcc -g -O2 -c -o conftest.o conftest.c
ar cru libconftest.a conftest.o
ranlib libconftest.a
gcc -g -O2  -o conftest conftest.c -Wl,-force_load,./libconftest.a
configure:7190: result: yes
configure:7232: checking how to run the C preprocessor
configure:7263: gcc -E  conftest.c
configure:7263: $? = 0
configure:7277: gcc -E  conftest.c
conftest.c:11:28: error: ac_nonexistent.h: No such file or directory
configure:7277: $? = 1
configure: failed program was:
| /* confdefs.h */
| #define PACKAGE_NAME "zz-test"
| #define PACKAGE_TARNAME "zz-test"
| #define PACKAGE_VERSION "1.0"
| #define PACKAGE_STRING "zz-test 1.0"
| #define PACKAGE_BUGREPORT "amao.chj@gmail.com"
| #define PACKAGE_URL ""
| #define PACKAGE "zz-test"
| #define VERSION "1.0"
| /* end confdefs.h.  */
| #include <ac_nonexistent.h>
configure:7302: result: gcc -E
configure:7322: gcc -E  conftest.c
configure:7322: $? = 0
configure:7336: gcc -E  conftest.c
conftest.c:11:28: error: ac_nonexistent.h: No such file or directory
configure:7336: $? = 1
configure: failed program was:
| /* confdefs.h */
| #define PACKAGE_NAME "zz-test"
| #define PACKAGE_TARNAME "zz-test"
| #define PACKAGE_VERSION "1.0"
| #define PACKAGE_STRING "zz-test 1.0"
| #define PACKAGE_BUGREPORT "amao.chj@gmail.com"
| #define PACKAGE_URL ""
| #define PACKAGE "zz-test"
| #define VERSION "1.0"
| /* end confdefs.h.  */
| #include <ac_nonexistent.h>
configure:7365: checking for ANSI C header files
configure:7385: gcc -c -g -O2  conftest.c >&5
configure:7385: $? = 0
configure:7458: gcc -o conftest -g -O2   conftest.c  >&5
configure:7458: $? = 0
configure:7458: ./conftest
configure:7458: $? = 0
configure:7469: result: yes
configure:7482: checking for sys/types.h
configure:7482: gcc -c -g -O2  conftest.c >&5
configure:7482: $? = 0
configure:7482: result: yes
configure:7482: checking for sys/stat.h
configure:7482: gcc -c -g -O2  conftest.c >&5
configure:7482: $? = 0
configure:7482: result: yes
configure:7482: checking for stdlib.h
configure:7482: gcc -c -g -O2  conftest.c >&5
configure:7482: $? = 0
configure:7482: result: yes
configure:7482: checking for string.h
configure:7482: gcc -c -g -O2  conftest.c >&5
configure:7482: $? = 0
configure:7482: result: yes
configure:7482: checking for memory.h
configure:7482: gcc -c -g -O2  conftest.c >&5
configure:7482: $? = 0
configure:7482: result: yes
configure:7482: checking for strings.h
configure:7482: gcc -c -g -O2  conftest.c >&5
configure:7482: $? = 0
configure:7482: result: yes
configure:7482: checking for inttypes.h
configure:7482: gcc -c -g -O2  conftest.c >&5
configure:7482: $? = 0
configure:7482: result: yes
configure:7482: checking for stdint.h
configure:7482: gcc -c -g -O2  conftest.c >&5
configure:7482: $? = 0
configure:7482: result: yes
configure:7482: checking for unistd.h
configure:7482: gcc -c -g -O2  conftest.c >&5
configure:7482: $? = 0
configure:7482: result: yes
configure:7496: checking for dlfcn.h
configure:7496: gcc -c -g -O2  conftest.c >&5
configure:7496: $? = 0
configure:7496: result: yes
configure:7702: checking for objdir
configure:7717: result: .libs
configure:7988: checking if gcc supports -fno-rtti -fno-exceptions
configure:8006: gcc -c -g -O2  -fno-rtti -fno-exceptions conftest.c >&5
cc1: warning: command line option "-fno-rtti" is valid for C++/ObjC++ but not for C
configure:8010: $? = 0
configure:8023: result: no
configure:8350: checking for gcc option to produce PIC
configure:8357: result: -fno-common -DPIC
configure:8365: checking if gcc PIC flag -fno-common -DPIC works
configure:8383: gcc -c -g -O2  -fno-common -DPIC -DPIC conftest.c >&5
configure:8387: $? = 0
configure:8400: result: yes
configure:8429: checking if gcc static flag -static works
configure:8457: result: no
configure:8472: checking if gcc supports -c -o file.o
configure:8493: gcc -c -g -O2  -o out/conftest2.o conftest.c >&5
configure:8497: $? = 0
configure:8519: result: yes
configure:8527: checking if gcc supports -c -o file.o
configure:8574: result: yes
configure:8607: checking whether the gcc linker (/usr/llvm-gcc-4.2/libexec/gcc/i686-apple-darwin10/4.2.1/ld) supports shared libraries
configure:9760: result: yes
configure:10000: checking dynamic linker characteristics
configure:10733: result: darwin11.4.2 dyld
configure:10840: checking how to hardcode library paths into programs
configure:10865: result: immediate
configure:11405: checking whether stripping libraries is possible
configure:11419: result: yes
configure:11445: checking if libtool supports shared libraries
configure:11447: result: yes
configure:11450: checking whether to build shared libraries
configure:11471: result: yes
configure:11474: checking whether to build static libraries
configure:11478: result: yes
configure:11560: checking for ranlib
configure:11587: result: ranlib
configure:11613: checking for pthread_rwlock_init in -lpthread
configure:11638: gcc -o conftest -g -O2   conftest.c -lpthread   >&5
configure:11638: $? = 0
configure:11647: result: yes
configure:11659: checking for malloc in -lefence
configure:11684: gcc -o conftest -g -O2   conftest.c -lefence  -lpthread  >&5
conftest.c:31: warning: conflicting types for built-in function 'malloc'
ld: library not found for -lefence
collect2: ld returned 1 exit status
configure:11684: $? = 1
configure: failed program was:
| /* confdefs.h */
| #define PACKAGE_NAME "zz-test"
| #define PACKAGE_TARNAME "zz-test"
| #define PACKAGE_VERSION "1.0"
| #define PACKAGE_STRING "zz-test 1.0"
| #define PACKAGE_BUGREPORT "amao.chj@gmail.com"
| #define PACKAGE_URL ""
| #define PACKAGE "zz-test"
| #define VERSION "1.0"
| #define STDC_HEADERS 1
| #define HAVE_SYS_TYPES_H 1
| #define HAVE_SYS_STAT_H 1
| #define HAVE_STDLIB_H 1
| #define HAVE_STRING_H 1
| #define HAVE_MEMORY_H 1
| #define HAVE_STRINGS_H 1
| #define HAVE_INTTYPES_H 1
| #define HAVE_STDINT_H 1
| #define HAVE_UNISTD_H 1
| #define HAVE_DLFCN_H 1
| #define LT_OBJDIR ".libs/"
| #define HAVE_LIBPTHREAD 1
| /* end confdefs.h.  */
| 
| /* Override any GCC internal prototype to avoid an error.
|    Use char because int might match the return type of a GCC
|    builtin and then its argument prototype would still apply.  */
| #ifdef __cplusplus
| extern "C"
| #endif
| char malloc ();
| int
| main ()
| {
| return malloc ();
|   ;
|   return 0;
| }
configure:11693: result: no
configure:11702: checking for ANSI C header files
configure:11806: result: yes
configure:11817: checking for inttypes.h
configure:11817: result: yes
configure:11817: checking for sys/types.h
configure:11817: result: yes
configure:11817: checking for stdint.h
configure:11817: result: yes
configure:11817: checking for stdlib.h
configure:11817: result: yes
configure:11817: checking for string.h
configure:11817: result: yes
configure:11817: checking for strings.h
configure:11817: result: yes
configure:11817: checking for unistd.h
configure:11817: result: yes
configure:11817: checking stdio.h usability
configure:11817: gcc -c -g -O2  conftest.c >&5
configure:11817: $? = 0
configure:11817: result: yes
configure:11817: checking stdio.h presence
configure:11817: gcc -E  conftest.c
configure:11817: $? = 0
configure:11817: result: yes
configure:11817: checking for stdio.h
configure:11817: result: yes
configure:11817: checking stddef.h usability
configure:11817: gcc -c -g -O2  conftest.c >&5
configure:11817: $? = 0
configure:11817: result: yes
configure:11817: checking stddef.h presence
configure:11817: gcc -E  conftest.c
configure:11817: $? = 0
configure:11817: result: yes
configure:11817: checking for stddef.h
configure:11817: result: yes
configure:11817: checking fcntl.h usability
configure:11817: gcc -c -g -O2  conftest.c >&5
configure:11817: $? = 0
configure:11817: result: yes
configure:11817: checking fcntl.h presence
configure:11817: gcc -E  conftest.c
configure:11817: $? = 0
configure:11817: result: yes
configure:11817: checking for fcntl.h
configure:11817: result: yes
configure:11831: checking for size_t
configure:11831: gcc -c -g -O2  conftest.c >&5
configure:11831: $? = 0
configure:11831: gcc -c -g -O2  conftest.c >&5
conftest.c: In function 'main':
conftest.c:71: error: expected expression before ')' token
configure:11831: $? = 1
configure: failed program was:
| /* confdefs.h */
| #define PACKAGE_NAME "zz-test"
| #define PACKAGE_TARNAME "zz-test"
| #define PACKAGE_VERSION "1.0"
| #define PACKAGE_STRING "zz-test 1.0"
| #define PACKAGE_BUGREPORT "amao.chj@gmail.com"
| #define PACKAGE_URL ""
| #define PACKAGE "zz-test"
| #define VERSION "1.0"
| #define STDC_HEADERS 1
| #define HAVE_SYS_TYPES_H 1
| #define HAVE_SYS_STAT_H 1
| #define HAVE_STDLIB_H 1
| #define HAVE_STRING_H 1
| #define HAVE_MEMORY_H 1
| #define HAVE_STRINGS_H 1
| #define HAVE_INTTYPES_H 1
| #define HAVE_STDINT_H 1
| #define HAVE_UNISTD_H 1
| #define HAVE_DLFCN_H 1
| #define LT_OBJDIR ".libs/"
| #define HAVE_LIBPTHREAD 1
| #define STDC_HEADERS 1
| #define HAVE_INTTYPES_H 1
| #define HAVE_SYS_TYPES_H 1
| #define HAVE_STDINT_H 1
| #define HAVE_STDLIB_H 1
| #define HAVE_STRING_H 1
| #define HAVE_STRINGS_H 1
| #define HAVE_UNISTD_H 1
| #define HAVE_STDIO_H 1
| #define HAVE_STDDEF_H 1
| #define HAVE_FCNTL_H 1
| /* end confdefs.h.  */
| #include <stdio.h>
| #ifdef HAVE_SYS_TYPES_H
| # include <sys/types.h>
| #endif
| #ifdef HAVE_SYS_STAT_H
| # include <sys/stat.h>
| #endif
| #ifdef STDC_HEADERS
| # include <stdlib.h>
| # include <stddef.h>
| #else
| # ifdef HAVE_STDLIB_H
| #  include <stdlib.h>
| # endif
| #endif
| #ifdef HAVE_STRING_H
| # if !defined STDC_HEADERS && defined HAVE_MEMORY_H
| #  include <memory.h>
| # endif
| # include <string.h>
| #endif
| #ifdef HAVE_STRINGS_H
| # include <strings.h>
| #endif
| #ifdef HAVE_INTTYPES_H
| # include <inttypes.h>
| #endif
| #ifdef HAVE_STDINT_H
| # include <stdint.h>
| #endif
| #ifdef HAVE_UNISTD_H
| # include <unistd.h>
| #endif
| int
| main ()
| {
| if (sizeof ((size_t)))
| 	    return 0;
|   ;
|   return 0;
| }
configure:11831: result: yes
configure:11846: checking for stdlib.h
configure:11846: result: yes
configure:11856: checking for GNU libc compatible malloc
configure:11880: gcc -o conftest -g -O2   conftest.c -lpthread  >&5
configure:11880: $? = 0
configure:11880: ./conftest
configure:11880: $? = 0
configure:11890: result: yes
configure:11913: checking whether gcc and cc understand -c and -o together
configure:11944: gcc -c conftest.c -o conftest2.o >&5
configure:11948: $? = 0
configure:11954: gcc -c conftest.c -o conftest2.o >&5
configure:11958: $? = 0
configure:11969: cc -c conftest.c >&5
configure:11973: $? = 0
configure:11981: cc -c conftest.c -o conftest2.o >&5
configure:11985: $? = 0
configure:11991: cc -c conftest.c -o conftest2.o >&5
configure:11995: $? = 0
configure:12013: result: yes
configure:12044: checking for tar
configure:12060: found /usr/bin/tar
configure:12071: result: tar
configure:12096: checking whether to enable maintainer-specific portions of Makefiles
configure:12105: result: no
configure:12125: checking for special C compiler options needed for large files
configure:12170: result: no
configure:12176: checking for _FILE_OFFSET_BITS value needed for large files
configure:12201: gcc -c -g -O2  conftest.c >&5
configure:12201: $? = 0
configure:12233: result: no
configure:12322: checking for mkdir
configure:12322: gcc -o conftest -g -O2   conftest.c -lpthread  >&5
configure:12322: $? = 0
configure:12322: result: yes
configure:12322: checking for _mkdir
configure:12322: gcc -o conftest -g -O2   conftest.c -lpthread  >&5
Undefined symbols:
  "__mkdir", referenced from:
      _main in ccSgMqXV.o
ld: symbol(s) not found
collect2: ld returned 1 exit status
configure:12322: $? = 1
configure: failed program was:
| /* confdefs.h */
| #define PACKAGE_NAME "zz-test"
| #define PACKAGE_TARNAME "zz-test"
| #define PACKAGE_VERSION "1.0"
| #define PACKAGE_STRING "zz-test 1.0"
| #define PACKAGE_BUGREPORT "amao.chj@gmail.com"
| #define PACKAGE_URL ""
| #define PACKAGE "zz-test"
| #define VERSION "1.0"
| #define STDC_HEADERS 1
| #define HAVE_SYS_TYPES_H 1
| #define HAVE_SYS_STAT_H 1
| #define HAVE_STDLIB_H 1
| #define HAVE_STRING_H 1
| #define HAVE_MEMORY_H 1
| #define HAVE_STRINGS_H 1
| #define HAVE_INTTYPES_H 1
| #define HAVE_STDINT_H 1
| #define HAVE_UNISTD_H 1
| #define HAVE_DLFCN_H 1
| #define LT_OBJDIR ".libs/"
| #define HAVE_LIBPTHREAD 1
| #define STDC_HEADERS 1
| #define HAVE_INTTYPES_H 1
| #define HAVE_SYS_TYPES_H 1
| #define HAVE_STDINT_H 1
| #define HAVE_STDLIB_H 1
| #define HAVE_STRING_H 1
| #define HAVE_STRINGS_H 1
| #define HAVE_UNISTD_H 1
| #define HAVE_STDIO_H 1
| #define HAVE_STDDEF_H 1
| #define HAVE_FCNTL_H 1
| #define HAVE_STDLIB_H 1
| #define HAVE_MALLOC 1
| #define HAVE_MKDIR 1
| /* end confdefs.h.  */
| /* Define _mkdir to an innocuous variant, in case <limits.h> declares _mkdir.
|    For example, HP-UX 11i <limits.h> declares gettimeofday.  */
| #define _mkdir innocuous__mkdir
| 
| /* System header to define __stub macros and hopefully few prototypes,
|     which can conflict with char _mkdir (); below.
|     Prefer <limits.h> to <assert.h> if __STDC__ is defined, since
|     <limits.h> exists even on freestanding compilers.  */
| 
| #ifdef __STDC__
| # include <limits.h>
| #else
| # include <assert.h>
| #endif
| 
| #undef _mkdir
| 
| /* Override any GCC internal prototype to avoid an error.
|    Use char because int might match the return type of a GCC
|    builtin and then its argument prototype would still apply.  */
| #ifdef __cplusplus
| extern "C"
| #endif
| char _mkdir ();
| /* The GNU C library defines this for functions which it implements
|     to always fail with ENOSYS.  Some functions are actually named
|     something starting with __ and the normal name is an alias.  */
| #if defined __stub__mkdir || defined __stub____mkdir
| choke me
| #endif
| 
| int
| main ()
| {
| return _mkdir ();
|   ;
|   return 0;
| }
configure:12322: result: no
configure:12333: checking io.h usability
configure:12333: gcc -c -g -O2  conftest.c >&5
conftest.c:71:16: error: io.h: No such file or directory
configure:12333: $? = 1
configure: failed program was:
| /* confdefs.h */
| #define PACKAGE_NAME "zz-test"
| #define PACKAGE_TARNAME "zz-test"
| #define PACKAGE_VERSION "1.0"
| #define PACKAGE_STRING "zz-test 1.0"
| #define PACKAGE_BUGREPORT "amao.chj@gmail.com"
| #define PACKAGE_URL ""
| #define PACKAGE "zz-test"
| #define VERSION "1.0"
| #define STDC_HEADERS 1
| #define HAVE_SYS_TYPES_H 1
| #define HAVE_SYS_STAT_H 1
| #define HAVE_STDLIB_H 1
| #define HAVE_STRING_H 1
| #define HAVE_MEMORY_H 1
| #define HAVE_STRINGS_H 1
| #define HAVE_INTTYPES_H 1
| #define HAVE_STDINT_H 1
| #define HAVE_UNISTD_H 1
| #define HAVE_DLFCN_H 1
| #define LT_OBJDIR ".libs/"
| #define HAVE_LIBPTHREAD 1
| #define STDC_HEADERS 1
| #define HAVE_INTTYPES_H 1
| #define HAVE_SYS_TYPES_H 1
| #define HAVE_STDINT_H 1
| #define HAVE_STDLIB_H 1
| #define HAVE_STRING_H 1
| #define HAVE_STRINGS_H 1
| #define HAVE_UNISTD_H 1
| #define HAVE_STDIO_H 1
| #define HAVE_STDDEF_H 1
| #define HAVE_FCNTL_H 1
| #define HAVE_STDLIB_H 1
| #define HAVE_MALLOC 1
| #define HAVE_MKDIR 1
| /* end confdefs.h.  */
| #include <stdio.h>
| #ifdef HAVE_SYS_TYPES_H
| # include <sys/types.h>
| #endif
| #ifdef HAVE_SYS_STAT_H
| # include <sys/stat.h>
| #endif
| #ifdef STDC_HEADERS
| # include <stdlib.h>
| # include <stddef.h>
| #else
| # ifdef HAVE_STDLIB_H
| #  include <stdlib.h>
| # endif
| #endif
| #ifdef HAVE_STRING_H
| # if !defined STDC_HEADERS && defined HAVE_MEMORY_H
| #  include <memory.h>
| # endif
| # include <string.h>
| #endif
| #ifdef HAVE_STRINGS_H
| # include <strings.h>
| #endif
| #ifdef HAVE_INTTYPES_H
| # include <inttypes.h>
| #endif
| #ifdef HAVE_STDINT_H
| # include <stdint.h>
| #endif
| #ifdef HAVE_UNISTD_H
| # include <unistd.h>
| #endif
| #include <io.h>
configure:12333: result: no
configure:12333: checking io.h presence
configure:12333: gcc -E  conftest.c
conftest.c:38:16: error: io.h: No such file or directory
configure:12333: $? = 1
configure: failed program was:
| /* confdefs.h */
| #define PACKAGE_NAME "zz-test"
| #define PACKAGE_TARNAME "zz-test"
| #define PACKAGE_VERSION "1.0"
| #define PACKAGE_STRING "zz-test 1.0"
| #define PACKAGE_BUGREPORT "amao.chj@gmail.com"
| #define PACKAGE_URL ""
| #define PACKAGE "zz-test"
| #define VERSION "1.0"
| #define STDC_HEADERS 1
| #define HAVE_SYS_TYPES_H 1
| #define HAVE_SYS_STAT_H 1
| #define HAVE_STDLIB_H 1
| #define HAVE_STRING_H 1
| #define HAVE_MEMORY_H 1
| #define HAVE_STRINGS_H 1
| #define HAVE_INTTYPES_H 1
| #define HAVE_STDINT_H 1
| #define HAVE_UNISTD_H 1
| #define HAVE_DLFCN_H 1
| #define LT_OBJDIR ".libs/"
| #define HAVE_LIBPTHREAD 1
| #define STDC_HEADERS 1
| #define HAVE_INTTYPES_H 1
| #define HAVE_SYS_TYPES_H 1
| #define HAVE_STDINT_H 1
| #define HAVE_STDLIB_H 1
| #define HAVE_STRING_H 1
| #define HAVE_STRINGS_H 1
| #define HAVE_UNISTD_H 1
| #define HAVE_STDIO_H 1
| #define HAVE_STDDEF_H 1
| #define HAVE_FCNTL_H 1
| #define HAVE_STDLIB_H 1
| #define HAVE_MALLOC 1
| #define HAVE_MKDIR 1
| /* end confdefs.h.  */
| #include <io.h>
configure:12333: result: no
configure:12333: checking for io.h
configure:12333: result: no
configure:12460: checking that generated files are newer than configure
configure:12466: result: done
configure:12493: creating ./config.status

## ---------------------- ##
## Running config.status. ##
## ---------------------- ##

This file was extended by zz-test config.status 1.0, which was
generated by GNU Autoconf 2.69.  Invocation command line was

  CONFIG_FILES    = 
  CONFIG_HEADERS  = 
  CONFIG_LINKS    = 
  CONFIG_COMMANDS = 
  $ ./config.status 

on cnencaoj7mbp1.corp.emc.com

config.status:1099: creating Makefile
config.status:1099: creating src/Makefile
config.status:1099: creating src/common/Makefile
config.status:1099: creating src/container/Makefile
config.status:1099: creating src/libevent2019/Makefile
config.status:1099: creating testsuite/Makefile
config.status:1099: creating testsuite/common_test/Makefile
config.status:1099: creating config.h
config.status:1328: executing depfiles commands
config.status:1328: executing libtool commands

## ---------------- ##
## Cache variables. ##
## ---------------- ##

ac_cv_build=x86_64-apple-darwin11.4.2
ac_cv_c_compiler_gnu=yes
ac_cv_env_CC_set=
ac_cv_env_CC_value=
ac_cv_env_CFLAGS_set=
ac_cv_env_CFLAGS_value=
ac_cv_env_CPPFLAGS_set=
ac_cv_env_CPPFLAGS_value=
ac_cv_env_CPP_set=
ac_cv_env_CPP_value=
ac_cv_env_LDFLAGS_set=
ac_cv_env_LDFLAGS_value=
ac_cv_env_LIBS_set=
ac_cv_env_LIBS_value=
ac_cv_env_build_alias_set=
ac_cv_env_build_alias_value=
ac_cv_env_host_alias_set=
ac_cv_env_host_alias_value=
ac_cv_env_target_alias_set=
ac_cv_env_target_alias_value=
ac_cv_func__mkdir=no
ac_cv_func_malloc_0_nonnull=yes
ac_cv_func_mkdir=yes
ac_cv_header_dlfcn_h=yes
ac_cv_header_fcntl_h=yes
ac_cv_header_inttypes_h=yes
ac_cv_header_io_h=no
ac_cv_header_memory_h=yes
ac_cv_header_stdc=yes
ac_cv_header_stddef_h=yes
ac_cv_header_stdint_h=yes
ac_cv_header_stdio_h=yes
ac_cv_header_stdlib_h=yes
ac_cv_header_string_h=yes
ac_cv_header_strings_h=yes
ac_cv_header_sys_stat_h=yes
ac_cv_header_sys_types_h=yes
ac_cv_header_unistd_h=yes
ac_cv_host=x86_64-apple-darwin11.4.2
ac_cv_lib_efence_malloc=no
ac_cv_lib_pthread_pthread_rwlock_init=yes
ac_cv_objext=o
ac_cv_path_EGREP='/usr/bin/grep -E'
ac_cv_path_FGREP='/usr/bin/grep -F'
ac_cv_path_GREP=/usr/bin/grep
ac_cv_path_SED=/usr/bin/sed
ac_cv_path_install='/usr/bin/install -c'
ac_cv_prog_AWK=awk
ac_cv_prog_CPP='gcc -E'
ac_cv_prog_TAR=tar
ac_cv_prog_ac_ct_AR=ar
ac_cv_prog_ac_ct_CC=gcc
ac_cv_prog_ac_ct_DSYMUTIL=dsymutil
ac_cv_prog_ac_ct_LIPO=lipo
ac_cv_prog_ac_ct_NMEDIT=nmedit
ac_cv_prog_ac_ct_OTOOL=otool
ac_cv_prog_ac_ct_RANLIB=ranlib
ac_cv_prog_ac_ct_STRIP=strip
ac_cv_prog_cc_c89=
ac_cv_prog_cc_g=yes
ac_cv_prog_cc_gcc_c_o=yes
ac_cv_prog_make_make_set=yes
ac_cv_sys_file_offset_bits=no
ac_cv_sys_largefile_CC=no
ac_cv_type_size_t=yes
am_cv_CC_dependencies_compiler_type=gcc3
am_cv_ar_interface=ar
lt_cv_apple_cc_single_mod=yes
lt_cv_ar_at_file=no
lt_cv_deplibs_check_method=pass_all
lt_cv_file_magic_cmd='$MAGIC_CMD'
lt_cv_file_magic_test_file=
lt_cv_ld_exported_symbols_list=yes
lt_cv_ld_force_load=yes
lt_cv_ld_reload_flag=-r
lt_cv_nm_interface='BSD nm'
lt_cv_objdir=.libs
lt_cv_path_LD=/usr/llvm-gcc-4.2/libexec/gcc/i686-apple-darwin10/4.2.1/ld
lt_cv_path_NM=/usr/bin/nm
lt_cv_path_mainfest_tool=no
lt_cv_prog_compiler_c_o=yes
lt_cv_prog_compiler_pic='-fno-common -DPIC'
lt_cv_prog_compiler_pic_works=yes
lt_cv_prog_compiler_rtti_exceptions=no
lt_cv_prog_compiler_static_works=no
lt_cv_prog_gnu_ld=no
lt_cv_sharedlib_from_linklib_cmd='printf %s\n'
lt_cv_sys_global_symbol_pipe='sed -n -e '\''s/^.*[	 ]\([BCDEGRST][BCDEGRST]*\)[	 ][	 ]*_\([_A-Za-z][_A-Za-z0-9]*\)$/\1 _\2 \2/p'\'' | sed '\''/ __gnu_lto/d'\'''
lt_cv_sys_global_symbol_to_c_name_address='sed -n -e '\''s/^: \([^ ]*\)[ ]*$/  {\"\1\", (void *) 0},/p'\'' -e '\''s/^[BCDEGRST]* \([^ ]*\) \([^ ]*\)$/  {"\2", (void *) \&\2},/p'\'''
lt_cv_sys_global_symbol_to_c_name_address_lib_prefix='sed -n -e '\''s/^: \([^ ]*\)[ ]*$/  {\"\1\", (void *) 0},/p'\'' -e '\''s/^[BCDEGRST]* \([^ ]*\) \(lib[^ ]*\)$/  {"\2", (void *) \&\2},/p'\'' -e '\''s/^[BCDEGRST]* \([^ ]*\) \([^ ]*\)$/  {"lib\2", (void *) \&\2},/p'\'''
lt_cv_sys_global_symbol_to_cdecl='sed -n -e '\''s/^T .* \(.*\)$/extern int \1();/p'\'' -e '\''s/^[BCDEGRST]* .* \(.*\)$/extern char \1;/p'\'''
lt_cv_sys_max_cmd_len=196608
lt_cv_to_host_file_cmd=func_convert_file_noop
lt_cv_to_tool_file_cmd=func_convert_file_noop

## ----------------- ##
## Output variables. ##
## ----------------- ##

ACLOCAL='${SHELL} /Users/caoj7/workspace-c/zautotools/config/missing --run aclocal-1.12'
AMDEPBACKSLASH='\'
AMDEP_FALSE='#'
AMDEP_TRUE=''
AMTAR='$${TAR-tar}'
AR='ar'
AUTOCONF='${SHELL} /Users/caoj7/workspace-c/zautotools/config/missing --run autoconf'
AUTOHEADER='${SHELL} /Users/caoj7/workspace-c/zautotools/config/missing --run autoheader'
AUTOMAKE='${SHELL} /Users/caoj7/workspace-c/zautotools/config/missing --run automake-1.12'
AWK='awk'
CC='gcc'
CCDEPMODE='depmode=gcc3'
CFLAGS='-g -O2'
CPP='gcc -E'
CPPFLAGS=''
CYGPATH_W='echo'
DEFS='-DHAVE_CONFIG_H'
DEPDIR='.deps'
DLLTOOL='false'
DSYMUTIL='dsymutil'
DUMPBIN=''
ECHO_C='\c'
ECHO_N=''
ECHO_T=''
EFENCELIB=''
EGREP='/usr/bin/grep -E'
EXEEXT=''
FGREP='/usr/bin/grep -F'
GREP='/usr/bin/grep'
INSTALL_DATA='${INSTALL} -m 644'
INSTALL_PROGRAM='${INSTALL}'
INSTALL_SCRIPT='${INSTALL}'
INSTALL_STRIP_PROGRAM='$(install_sh) -c -s'
LD='/usr/llvm-gcc-4.2/libexec/gcc/i686-apple-darwin10/4.2.1/ld'
LDFLAGS=''
LIBOBJS=''
LIBS='-lpthread '
LIBTOOL='$(SHELL) $(top_builddir)/libtool'
LIPO='lipo'
LN_S='ln -s'
LTLIBOBJS=''
MAINT='#'
MAINTAINER_MODE_FALSE=''
MAINTAINER_MODE_TRUE='#'
MAKEINFO='${SHELL} /Users/caoj7/workspace-c/zautotools/config/missing --run makeinfo'
MANIFEST_TOOL=':'
MKDIR_P='config/install-sh -c -d'
NM='/usr/bin/nm'
NMEDIT='nmedit'
OBJDUMP='false'
OBJEXT='o'
OTOOL64=':'
OTOOL='otool'
PACKAGE='zz-test'
PACKAGE_BUGREPORT='amao.chj@gmail.com'
PACKAGE_NAME='zz-test'
PACKAGE_STRING='zz-test 1.0'
PACKAGE_TARNAME='zz-test'
PACKAGE_URL=''
PACKAGE_VERSION='1.0'
PATH_SEPARATOR=':'
RANLIB='ranlib'
SED='/usr/bin/sed'
SET_MAKE=''
SHELL='/bin/sh'
STRIP='strip'
TAR='/usr/bin/tar'
VERSION='1.0'
ac_ct_AR='ar'
ac_ct_CC='gcc'
ac_ct_DUMPBIN=''
am__EXEEXT_FALSE=''
am__EXEEXT_TRUE='#'
am__fastdepCC_FALSE='#'
am__fastdepCC_TRUE=''
am__include='include'
am__isrc=''
am__leading_dot='.'
am__nodep='_no'
am__quote=''
am__tar='$${TAR-tar} chof - "$$tardir"'
am__untar='$${TAR-tar} xf -'
bindir='${exec_prefix}/bin'
build='x86_64-apple-darwin11.4.2'
build_alias=''
build_cpu='x86_64'
build_os='darwin11.4.2'
build_vendor='apple'
datadir='${datarootdir}'
datarootdir='${prefix}/share'
docdir='${datarootdir}/doc/${PACKAGE_TARNAME}'
dvidir='${docdir}'
exec_prefix='${prefix}'
host='x86_64-apple-darwin11.4.2'
host_alias=''
host_cpu='x86_64'
host_os='darwin11.4.2'
host_vendor='apple'
htmldir='${docdir}'
includedir='${prefix}/include'
infodir='${datarootdir}/info'
install_sh='${SHELL} /Users/caoj7/workspace-c/zautotools/config/install-sh'
libdir='${exec_prefix}/lib'
libexecdir='${exec_prefix}/libexec'
localedir='${datarootdir}/locale'
localstatedir='${prefix}/var'
mandir='${datarootdir}/man'
mkdir_p='$(top_builddir)/config/install-sh -c -d'
oldincludedir='/usr/include'
pdfdir='${docdir}'
prefix='/usr/local'
program_transform_name='s,x,x,'
psdir='${docdir}'
sbindir='${exec_prefix}/sbin'
sharedstatedir='${prefix}/com'
sysconfdir='${prefix}/etc'
target_alias=''

## ----------- ##
## confdefs.h. ##
## ----------- ##

/* confdefs.h */
#define PACKAGE_NAME "zz-test"
#define PACKAGE_TARNAME "zz-test"
#define PACKAGE_VERSION "1.0"
#define PACKAGE_STRING "zz-test 1.0"
#define PACKAGE_BUGREPORT "amao.chj@gmail.com"
#define PACKAGE_URL ""
#define PACKAGE "zz-test"
#define VERSION "1.0"
#define STDC_HEADERS 1
#define HAVE_SYS_TYPES_H 1
#define HAVE_SYS_STAT_H 1
#define HAVE_STDLIB_H 1
#define HAVE_STRING_H 1
#define HAVE_MEMORY_H 1
#define HAVE_STRINGS_H 1
#define HAVE_INTTYPES_H 1
#define HAVE_STDINT_H 1
#define HAVE_UNISTD_H 1
#define HAVE_DLFCN_H 1
#define LT_OBJDIR ".libs/"
#define HAVE_LIBPTHREAD 1
#define STDC_HEADERS 1
#define HAVE_INTTYPES_H 1
#define HAVE_SYS_TYPES_H 1
#define HAVE_STDINT_H 1
#define HAVE_STDLIB_H 1
#define HAVE_STRING_H 1
#define HAVE_STRINGS_H 1
#define HAVE_UNISTD_H 1
#define HAVE_STDIO_H 1
#define HAVE_STDDEF_H 1
#define HAVE_FCNTL_H 1
#define HAVE_STDLIB_H 1
#define HAVE_MALLOC 1
#define HAVE_MKDIR 1

configure: exit 0
